# JRE version: OpenJDK Runtime Environment Temurin-17.0.6+10 (17.0.6+10) (build 17.0.6+10)
# Java VM: OpenJDK 64-Bit Server VM Temurin-17.0.6+10 (17.0.6+10, mixed mode, sharing, tiered, compressed oops, compressed class ptrs, parallel gc, windows-amd64)
GC Precious Log:
 CPUs: 4 total, 4 available
 Memory: 7831M
 Large Page Support: Disabled
 NUMA Support: Disabled
 Compressed Oops: Enabled (32-bit)
 Alignments: Space 512K, Generation 512K, Heap 2M
 Heap Min Capacity: 100M
 Heap Initial Capacity: 100M
 Heap Max Capacity: 1G
 Pre-touch: Disabled
 Parallel Workers: 4
Heap:
 PSYoungGen      total 8192K, used 4742K [0x00000000eab00000, 0x00000000eb500000, 0x0000000100000000)
  eden space 7168K, 51% used [0x00000000eab00000,0x00000000eaea1aa0,0x00000000eb200000)
  from space 1024K, 100% used [0x00000000eb380000,0x00000000eb480000,0x00000000eb480000)
  to   space 512K, 0% used [0x00000000eb480000,0x00000000eb480000,0x00000000eb500000)
 ParOldGen       total 124928K, used 91089K [0x00000000c0000000, 0x00000000c7a00000, 0x00000000eab00000)
  object space 124928K, 72% used [0x00000000c0000000,0x00000000c58f4558,0x00000000c7a00000)
 Metaspace       used 65948K, committed 67136K, reserved 1114112K
  class space    used 7161K, committed 7680K, reserved 1048576K
GC Heap History (20 events):
Event: 292.670 GC heap before
{Heap before GC invocations=46 (full 5):
 PSYoungGen      total 9216K, used 8818K [0x00000000eab00000, 0x00000000eb880000, 0x0000000100000000)
  eden space 5632K, 99% used [0x00000000eab00000,0x00000000eb07dcd8,0x00000000eb080000)
  from space 3584K, 89% used [0x00000000eb080000,0x00000000eb39ebc8,0x00000000eb400000)
  to   space 3584K, 0% used [0x00000000eb500000,0x00000000eb500000,0x00000000eb880000)
 ParOldGen       total 124928K, used 85995K [0x00000000c0000000, 0x00000000c7a00000, 0x00000000eab00000)
  object space 124928K, 68% used [0x00000000c0000000,0x00000000c53fafc0,0x00000000c7a00000)
 Metaspace       used 61076K, committed 62208K, reserved 1105920K
  class space    used 6603K, committed 7104K, reserved 1048576K
}
Event: 292.673 GC heap after
{Heap after GC invocations=46 (full 5):
 PSYoungGen      total 10240K, used 3490K [0x00000000eab00000, 0x00000000eb880000, 0x0000000100000000)
  eden space 6656K, 0% used [0x00000000eab00000,0x00000000eab00000,0x00000000eb180000)
  from space 3584K, 97% used [0x00000000eb500000,0x00000000eb868a30,0x00000000eb880000)
  to   space 3584K, 0% used [0x00000000eb180000,0x00000000eb180000,0x00000000eb500000)
 ParOldGen       total 124928K, used 86003K [0x00000000c0000000, 0x00000000c7a00000, 0x00000000eab00000)
  object space 124928K, 68% used [0x00000000c0000000,0x00000000c53fcfc0,0x00000000c7a00000)
 Metaspace       used 61076K, committed 62208K, reserved 1105920K
  class space    used 6603K, committed 7104K, reserved 1048576K
}
Event: 292.830 GC heap before
{Heap before GC invocations=47 (full 5):
 PSYoungGen      total 10240K, used 10139K [0x00000000eab00000, 0x00000000eb880000, 0x0000000100000000)
  eden space 6656K, 99% used [0x00000000eab00000,0x00000000eb17e498,0x00000000eb180000)
  from space 3584K, 97% used [0x00000000eb500000,0x00000000eb868a30,0x00000000eb880000)
  to   space 3584K, 0% used [0x00000000eb180000,0x00000000eb180000,0x00000000eb500000)
 ParOldGen       total 124928K, used 86003K [0x00000000c0000000, 0x00000000c7a00000, 0x00000000eab00000)
  object space 124928K, 68% used [0x00000000c0000000,0x00000000c53fcfc0,0x00000000c7a00000)
 Metaspace       used 61645K, committed 62784K, reserved 1105920K
  class space    used 6659K, committed 7168K, reserved 1048576K
}
Event: 292.833 GC heap after
{Heap after GC invocations=47 (full 5):
 PSYoungGen      total 10240K, used 3576K [0x00000000eab00000, 0x00000000eba80000, 0x0000000100000000)
  eden space 6656K, 0% used [0x00000000eab00000,0x00000000eab00000,0x00000000eb180000)
  from space 3584K, 99% used [0x00000000eb180000,0x00000000eb4fe328,0x00000000eb500000)
  to   space 4096K, 0% used [0x00000000eb680000,0x00000000eb680000,0x00000000eba80000)
 ParOldGen       total 124928K, used 86092K [0x00000000c0000000, 0x00000000c7a00000, 0x00000000eab00000)
  object space 124928K, 68% used [0x00000000c0000000,0x00000000c5413380,0x00000000c7a00000)
 Metaspace       used 61645K, committed 62784K, reserved 1105920K
  class space    used 6659K, committed 7168K, reserved 1048576K
}
Event: 295.349 GC heap before
{Heap before GC invocations=48 (full 5):
 PSYoungGen      total 10240K, used 10232K [0x00000000eab00000, 0x00000000eba80000, 0x0000000100000000)
  eden space 6656K, 100% used [0x00000000eab00000,0x00000000eb180000,0x00000000eb180000)
  from space 3584K, 99% used [0x00000000eb180000,0x00000000eb4fe328,0x00000000eb500000)
  to   space 4096K, 0% used [0x00000000eb680000,0x00000000eb680000,0x00000000eba80000)
 ParOldGen       total 124928K, used 86092K [0x00000000c0000000, 0x00000000c7a00000, 0x00000000eab00000)
  object space 124928K, 68% used [0x00000000c0000000,0x00000000c5413380,0x00000000c7a00000)
 Metaspace       used 62161K, committed 63296K, reserved 1105920K
  class space    used 6719K, committed 7232K, reserved 1048576K
}
Event: 295.353 GC heap after
{Heap after GC invocations=48 (full 5):
 PSYoungGen      total 7680K, used 292K [0x00000000eab00000, 0x00000000eb700000, 0x0000000100000000)
  eden space 7168K, 0% used [0x00000000eab00000,0x00000000eab00000,0x00000000eb200000)
  from space 512K, 57% used [0x00000000eb680000,0x00000000eb6c9178,0x00000000eb700000)
  to   space 2048K, 0% used [0x00000000eb300000,0x00000000eb300000,0x00000000eb500000)
 ParOldGen       total 124928K, used 89524K [0x00000000c0000000, 0x00000000c7a00000, 0x00000000eab00000)
  object space 124928K, 71% used [0x00000000c0000000,0x00000000c576d308,0x00000000c7a00000)
 Metaspace       used 62161K, committed 63296K, reserved 1105920K
  class space    used 6719K, committed 7232K, reserved 1048576K
}
Event: 296.646 GC heap before
{Heap before GC invocations=49 (full 5):
 PSYoungGen      total 7680K, used 7460K [0x00000000eab00000, 0x00000000eb700000, 0x0000000100000000)
  eden space 7168K, 100% used [0x00000000eab00000,0x00000000eb200000,0x00000000eb200000)
  from space 512K, 57% used [0x00000000eb680000,0x00000000eb6c9178,0x00000000eb700000)
  to   space 2048K, 0% used [0x00000000eb300000,0x00000000eb300000,0x00000000eb500000)
 ParOldGen       total 124928K, used 89524K [0x00000000c0000000, 0x00000000c7a00000, 0x00000000eab00000)
  object space 124928K, 71% used [0x00000000c0000000,0x00000000c576d308,0x00000000c7a00000)
 Metaspace       used 62739K, committed 63872K, reserved 1114112K
  class space    used 6765K, committed 7296K, reserved 1048576K
}
Event: 296.647 GC heap after
{Heap after GC invocations=49 (full 5):
 PSYoungGen      total 9216K, used 516K [0x00000000eab00000, 0x00000000eb700000, 0x0000000100000000)
  eden space 7168K, 0% used [0x00000000eab00000,0x00000000eab00000,0x00000000eb200000)
  from space 2048K, 25% used [0x00000000eb300000,0x00000000eb381178,0x00000000eb500000)
  to   space 1024K, 0% used [0x00000000eb600000,0x00000000eb600000,0x00000000eb700000)
 ParOldGen       total 124928K, used 89532K [0x00000000c0000000, 0x00000000c7a00000, 0x00000000eab00000)
  object space 124928K, 71% used [0x00000000c0000000,0x00000000c576f308,0x00000000c7a00000)
 Metaspace       used 62739K, committed 63872K, reserved 1114112K
  class space    used 6765K, committed 7296K, reserved 1048576K
}
Event: 296.842 GC heap before
{Heap before GC invocations=50 (full 5):
 PSYoungGen      total 9216K, used 7684K [0x00000000eab00000, 0x00000000eb700000, 0x0000000100000000)
  eden space 7168K, 100% used [0x00000000eab00000,0x00000000eb200000,0x00000000eb200000)
  from space 2048K, 25% used [0x00000000eb300000,0x00000000eb381178,0x00000000eb500000)
  to   space 1024K, 0% used [0x00000000eb600000,0x00000000eb600000,0x00000000eb700000)
 ParOldGen       total 124928K, used 89532K [0x00000000c0000000, 0x00000000c7a00000, 0x00000000eab00000)
  object space 124928K, 71% used [0x00000000c0000000,0x00000000c576f308,0x00000000c7a00000)
 Metaspace       used 63870K, committed 65024K, reserved 1114112K
  class space    used 6877K, committed 7424K, reserved 1048576K
}
Event: 296.844 GC heap after
{Heap after GC invocations=50 (full 5):
 PSYoungGen      total 8192K, used 1019K [0x00000000eab00000, 0x00000000eb700000, 0x0000000100000000)
  eden space 7168K, 0% used [0x00000000eab00000,0x00000000eab00000,0x00000000eb200000)
  from space 1024K, 99% used [0x00000000eb600000,0x00000000eb6fefc8,0x00000000eb700000)
  to   space 1536K, 0% used [0x00000000eb400000,0x00000000eb400000,0x00000000eb580000)
 ParOldGen       total 124928K, used 89876K [0x00000000c0000000, 0x00000000c7a00000, 0x00000000eab00000)
  object space 124928K, 71% used [0x00000000c0000000,0x00000000c57c5328,0x00000000c7a00000)
 Metaspace       used 63870K, committed 65024K, reserved 1114112K
  class space    used 6877K, committed 7424K, reserved 1048576K
}
Event: 297.915 GC heap before
{Heap before GC invocations=51 (full 5):
 PSYoungGen      total 8192K, used 8187K [0x00000000eab00000, 0x00000000eb700000, 0x0000000100000000)
  eden space 7168K, 100% used [0x00000000eab00000,0x00000000eb200000,0x00000000eb200000)
  from space 1024K, 99% used [0x00000000eb600000,0x00000000eb6fefc8,0x00000000eb700000)
  to   space 1536K, 0% used [0x00000000eb400000,0x00000000eb400000,0x00000000eb580000)
 ParOldGen       total 124928K, used 89876K [0x00000000c0000000, 0x00000000c7a00000, 0x00000000eab00000)
  object space 124928K, 71% used [0x00000000c0000000,0x00000000c57c5328,0x00000000c7a00000)
 Metaspace       used 64401K, committed 65600K, reserved 1114112K
  class space    used 6939K, committed 7488K, reserved 1048576K
}
Event: 297.916 GC heap after
{Heap after GC invocations=51 (full 5):
 PSYoungGen      total 8704K, used 1031K [0x00000000eab00000, 0x00000000eb680000, 0x0000000100000000)
  eden space 7168K, 0% used [0x00000000eab00000,0x00000000eab00000,0x00000000eb200000)
  from space 1536K, 67% used [0x00000000eb400000,0x00000000eb501e60,0x00000000eb580000)
  to   space 1024K, 0% used [0x00000000eb580000,0x00000000eb580000,0x00000000eb680000)
 ParOldGen       total 124928K, used 90097K [0x00000000c0000000, 0x00000000c7a00000, 0x00000000eab00000)
  object space 124928K, 72% used [0x00000000c0000000,0x00000000c57fc4a0,0x00000000c7a00000)
 Metaspace       used 64401K, committed 65600K, reserved 1114112K
  class space    used 6939K, committed 7488K, reserved 1048576K
}
Event: 299.333 GC heap before
{Heap before GC invocations=52 (full 5):
 PSYoungGen      total 8704K, used 8199K [0x00000000eab00000, 0x00000000eb680000, 0x0000000100000000)
  eden space 7168K, 100% used [0x00000000eab00000,0x00000000eb200000,0x00000000eb200000)
  from space 1536K, 67% used [0x00000000eb400000,0x00000000eb501e60,0x00000000eb580000)
  to   space 1024K, 0% used [0x00000000eb580000,0x00000000eb580000,0x00000000eb680000)
 ParOldGen       total 124928K, used 90097K [0x00000000c0000000, 0x00000000c7a00000, 0x00000000eab00000)
  object space 124928K, 72% used [0x00000000c0000000,0x00000000c57fc4a0,0x00000000c7a00000)
 Metaspace       used 65091K, committed 66304K, reserved 1114112K
  class space    used 7062K, committed 7616K, reserved 1048576K
}
Event: 299.335 GC heap after
{Heap after GC invocations=52 (full 5):
 PSYoungGen      total 8192K, used 1015K [0x00000000eab00000, 0x00000000eb680000, 0x0000000100000000)
  eden space 7168K, 0% used [0x00000000eab00000,0x00000000eab00000,0x00000000eb200000)
  from space 1024K, 99% used [0x00000000eb580000,0x00000000eb67de50,0x00000000eb680000)
  to   space 1536K, 0% used [0x00000000eb380000,0x00000000eb380000,0x00000000eb500000)
 ParOldGen       total 124928K, used 90201K [0x00000000c0000000, 0x00000000c7a00000, 0x00000000eab00000)
  object space 124928K, 72% used [0x00000000c0000000,0x00000000c58164b0,0x00000000c7a00000)
 Metaspace       used 65091K, committed 66304K, reserved 1114112K
  class space    used 7062K, committed 7616K, reserved 1048576K
}
Event: 299.663 GC heap before
{Heap before GC invocations=53 (full 5):
 PSYoungGen      total 8192K, used 8183K [0x00000000eab00000, 0x00000000eb680000, 0x0000000100000000)
  eden space 7168K, 100% used [0x00000000eab00000,0x00000000eb200000,0x00000000eb200000)
  from space 1024K, 99% used [0x00000000eb580000,0x00000000eb67de50,0x00000000eb680000)
  to   space 1536K, 0% used [0x00000000eb380000,0x00000000eb380000,0x00000000eb500000)
 ParOldGen       total 124928K, used 90201K [0x00000000c0000000, 0x00000000c7a00000, 0x00000000eab00000)
  object space 124928K, 72% used [0x00000000c0000000,0x00000000c58164b0,0x00000000c7a00000)
 Metaspace       used 65560K, committed 66752K, reserved 1114112K
  class space    used 7131K, committed 7680K, reserved 1048576K
}
Event: 299.664 GC heap after
{Heap after GC invocations=53 (full 5):
 PSYoungGen      total 8192K, used 1024K [0x00000000eab00000, 0x00000000eb600000, 0x0000000100000000)
  eden space 7168K, 0% used [0x00000000eab00000,0x00000000eab00000,0x00000000eb200000)
  from space 1024K, 100% used [0x00000000eb380000,0x00000000eb480000,0x00000000eb480000)
  to   space 1536K, 0% used [0x00000000eb480000,0x00000000eb480000,0x00000000eb600000)
 ParOldGen       total 124928K, used 90889K [0x00000000c0000000, 0x00000000c7a00000, 0x00000000eab00000)
  object space 124928K, 72% used [0x00000000c0000000,0x00000000c58c2538,0x00000000c7a00000)
 Metaspace       used 65560K, committed 66752K, reserved 1114112K
  class space    used 7131K, committed 7680K, reserved 1048576K
}
Event: 300.206 GC heap before
{Heap before GC invocations=54 (full 5):
 PSYoungGen      total 8192K, used 8192K [0x00000000eab00000, 0x00000000eb600000, 0x0000000100000000)
  eden space 7168K, 100% used [0x00000000eab00000,0x00000000eb200000,0x00000000eb200000)
  from space 1024K, 100% used [0x00000000eb380000,0x00000000eb480000,0x00000000eb480000)
  to   space 1536K, 0% used [0x00000000eb480000,0x00000000eb480000,0x00000000eb600000)
 ParOldGen       total 124928K, used 90889K [0x00000000c0000000, 0x00000000c7a00000, 0x00000000eab00000)
  object space 124928K, 72% used [0x00000000c0000000,0x00000000c58c2538,0x00000000c7a00000)
 Metaspace       used 65805K, committed 67008K, reserved 1114112K
  class space    used 7153K, committed 7680K, reserved 1048576K
}
Event: 300.208 GC heap after
{Heap after GC invocations=54 (full 5):
 PSYoungGen      total 8192K, used 752K [0x00000000eab00000, 0x00000000eb580000, 0x0000000100000000)
  eden space 7168K, 0% used [0x00000000eab00000,0x00000000eab00000,0x00000000eb200000)
  from space 1024K, 73% used [0x00000000eb480000,0x00000000eb53c010,0x00000000eb580000)
  to   space 1024K, 0% used [0x00000000eb380000,0x00000000eb380000,0x00000000eb480000)
 ParOldGen       total 124928K, used 90897K [0x00000000c0000000, 0x00000000c7a00000, 0x00000000eab00000)
  object space 124928K, 72% used [0x00000000c0000000,0x00000000c58c4538,0x00000000c7a00000)
 Metaspace       used 65805K, committed 67008K, reserved 1114112K
  class space    used 7153K, committed 7680K, reserved 1048576K
}
Event: 305.052 GC heap before
{Heap before GC invocations=55 (full 5):
 PSYoungGen      total 8192K, used 7920K [0x00000000eab00000, 0x00000000eb580000, 0x0000000100000000)
  eden space 7168K, 100% used [0x00000000eab00000,0x00000000eb200000,0x00000000eb200000)
  from space 1024K, 73% used [0x00000000eb480000,0x00000000eb53c010,0x00000000eb580000)
  to   space 1024K, 0% used [0x00000000eb380000,0x00000000eb380000,0x00000000eb480000)
 ParOldGen       total 124928K, used 90897K [0x00000000c0000000, 0x00000000c7a00000, 0x00000000eab00000)
  object space 124928K, 72% used [0x00000000c0000000,0x00000000c58c4538,0x00000000c7a00000)
 Metaspace       used 65904K, committed 67072K, reserved 1114112K
  class space    used 7159K, committed 7680K, reserved 1048576K
}
Event: 305.054 GC heap after
{Heap after GC invocations=55 (full 5):
 PSYoungGen      total 8192K, used 1024K [0x00000000eab00000, 0x00000000eb500000, 0x0000000100000000)
  eden space 7168K, 0% used [0x00000000eab00000,0x00000000eab00000,0x00000000eb200000)
  from space 1024K, 100% used [0x00000000eb380000,0x00000000eb480000,0x00000000eb480000)
  to   space 512K, 0% used [0x00000000eb480000,0x00000000eb480000,0x00000000eb500000)
 ParOldGen       total 124928K, used 91089K [0x00000000c0000000, 0x00000000c7a00000, 0x00000000eab00000)
  object space 124928K, 72% used [0x00000000c0000000,0x00000000c58f4558,0x00000000c7a00000)
 Metaspace       used 65904K, committed 67072K, reserved 1114112K
  class space    used 7159K, committed 7680K, reserved 1048576K
}

